<?xml version="1.0" encoding="UTF-8"?>
<robot generator="Robot 6.0.2 (Python 3.11.3 on win32)" generated="20230606 03:36:31.547" rpa="false" schemaversion="3">
<suite id="s1" name="TC001" source="C:\Users\Rae\PycharmProjects\ghd-robot-framework\TestCases\TC001.robot">
<kw name="Start Test Case" library="LoginPage" type="SETUP">
<kw name="Open Browser" library="SeleniumLibrary">
<arg>${server}</arg>
<arg>${browser}</arg>
<doc>Opens a new browser instance to the optional ``url``.</doc>
<msg timestamp="20230606 03:36:31.809" level="INFO">Opening browser 'chrome' to base url 'https://www.ghd.com'.</msg>
<msg timestamp="20230606 03:36:31.820" level="INFO">Applicable driver not found; attempting to install with Selenium Manager (Beta)</msg>
<status status="PASS" starttime="20230606 03:36:31.809" endtime="20230606 03:36:40.536"/>
</kw>
<kw name="Maximize Browser Window" library="SeleniumLibrary">
<doc>Maximizes current browser window.</doc>
<status status="PASS" starttime="20230606 03:36:40.536" endtime="20230606 03:36:40.690"/>
</kw>
<status status="PASS" starttime="20230606 03:36:31.809" endtime="20230606 03:36:40.690"/>
</kw>
<test id="s1-t1" name="Step 1: Navigate to Contact Menu" line="15">
<kw name="Allow Cookies" library="LoginPage">
<kw name="Click Element" library="SeleniumLibrary">
<arg>id:cookie-bar-button</arg>
<doc>Click the element identified by ``locator``.</doc>
<msg timestamp="20230606 03:36:40.692" level="INFO">Clicking element 'id:cookie-bar-button'.</msg>
<status status="PASS" starttime="20230606 03:36:40.692" endtime="20230606 03:36:40.806"/>
</kw>
<status status="PASS" starttime="20230606 03:36:40.692" endtime="20230606 03:36:40.806"/>
</kw>
<kw name="Navigate To Contact Menu" library="ContactPage">
<kw name="Click Element" library="SeleniumLibrary">
<arg>${contact_menu}</arg>
<doc>Click the element identified by ``locator``.</doc>
<msg timestamp="20230606 03:36:40.808" level="INFO">Clicking element 'id:navTab05'.</msg>
<status status="PASS" starttime="20230606 03:36:40.808" endtime="20230606 03:36:45.568"/>
</kw>
<status status="PASS" starttime="20230606 03:36:40.807" endtime="20230606 03:36:45.569"/>
</kw>
<status status="PASS" starttime="20230606 03:36:40.690" endtime="20230606 03:36:45.570"/>
</test>
<test id="s1-t2" name="Step 2: Select Philippines Label Tab" line="19">
<kw name="Select Office" library="ContactPage">
<arg>${ContactPage}[countryName]</arg>
<kw name="Scroll Element Into View" library="SeleniumLibrary">
<arg>${office_container}</arg>
<doc>Scrolls the element identified by ``locator`` into view.</doc>
<status status="PASS" starttime="20230606 03:36:45.575" endtime="20230606 03:36:45.962"/>
</kw>
<kw name="Wait Until Element Is Visible" library="SeleniumLibrary">
<arg>link:${countryName}</arg>
<doc>Waits until the element ``locator`` is visible.</doc>
<status status="PASS" starttime="20230606 03:36:45.962" endtime="20230606 03:36:46.220"/>
</kw>
<kw name="Click Element" library="SeleniumLibrary">
<arg>link:${countryName}</arg>
<doc>Click the element identified by ``locator``.</doc>
<msg timestamp="20230606 03:36:46.221" level="INFO">Clicking element 'link:Philippines'.</msg>
<status status="PASS" starttime="20230606 03:36:46.220" endtime="20230606 03:36:46.538"/>
</kw>
<status status="PASS" starttime="20230606 03:36:45.574" endtime="20230606 03:36:46.539"/>
</kw>
<status status="PASS" starttime="20230606 03:36:45.572" endtime="20230606 03:36:46.539"/>
</test>
<test id="s1-t3" name="Step 3: Zoom In Map" line="22">
<kw name="Zoom In Map" library="ContactPage">
<kw name="Scroll Element Into View" library="SeleniumLibrary">
<arg>${zoom_in_btn}</arg>
<doc>Scrolls the element identified by ``locator`` into view.</doc>
<status status="PASS" starttime="20230606 03:36:46.542" endtime="20230606 03:36:46.876"/>
</kw>
<kw name="Wait Until Element Is Visible" library="SeleniumLibrary">
<arg>${zoom_in_btn}</arg>
<doc>Waits until the element ``locator`` is visible.</doc>
<status status="PASS" starttime="20230606 03:36:46.876" endtime="20230606 03:36:46.920"/>
</kw>
<kw name="Click Button" library="SeleniumLibrary">
<arg>${zoom_in_btn}</arg>
<doc>Clicks the button identified by ``locator``.</doc>
<msg timestamp="20230606 03:36:46.921" level="INFO">Clicking button 'xpath://button[@title="Zoom in"]'.</msg>
<status status="PASS" starttime="20230606 03:36:46.920" endtime="20230606 03:36:47.150"/>
</kw>
<status status="PASS" starttime="20230606 03:36:46.542" endtime="20230606 03:36:47.151"/>
</kw>
<status status="PASS" starttime="20230606 03:36:46.541" endtime="20230606 03:36:47.151"/>
</test>
<test id="s1-t4" name="Step 4: Select GHD Cebu Office in Google Map" line="25">
<kw name="Select Cebu Office in Google Map" library="ContactPage">
<kw name="Set Focus To Element" library="SeleniumLibrary">
<arg>${cebu_pin}</arg>
<doc>Sets the focus to the element identified by ``locator``.</doc>
<status status="PASS" starttime="20230606 03:36:47.154" endtime="20230606 03:36:47.467"/>
</kw>
<kw name="Click Element" library="SeleniumLibrary">
<arg>${cebu_pin}</arg>
<doc>Click the element identified by ``locator``.</doc>
<msg timestamp="20230606 03:36:47.468" level="INFO">Clicking element 'xpath://div[@title="Cebu City"]'.</msg>
<status status="PASS" starttime="20230606 03:36:47.467" endtime="20230606 03:36:47.552"/>
</kw>
<kw name="Wait Until Element Is Visible" library="SeleniumLibrary">
<arg>${map_details}</arg>
<doc>Waits until the element ``locator`` is visible.</doc>
<status status="PASS" starttime="20230606 03:36:47.552" endtime="20230606 03:36:47.642"/>
</kw>
<status status="PASS" starttime="20230606 03:36:47.153" endtime="20230606 03:36:47.642"/>
</kw>
<status status="PASS" starttime="20230606 03:36:47.153" endtime="20230606 03:36:47.643"/>
</test>
<test id="s1-t5" name="Step 5: Close the Window Pop-Up" line="28">
<kw name="Close Dialog Pop-Up" library="ContactPage">
<kw name="Click Button" library="SeleniumLibrary">
<arg>${close_dialog}</arg>
<doc>Clicks the button identified by ``locator``.</doc>
<msg timestamp="20230606 03:36:47.647" level="INFO">Clicking button 'xpath://button[@title="Close"]'.</msg>
<status status="PASS" starttime="20230606 03:36:47.647" endtime="20230606 03:36:47.847"/>
</kw>
<status status="PASS" starttime="20230606 03:36:47.646" endtime="20230606 03:36:47.847"/>
</kw>
<status status="PASS" starttime="20230606 03:36:47.645" endtime="20230606 03:36:47.848"/>
</test>
<test id="s1-t6" name="Step 6: Hover Contact Menu → Select Feedback Form" line="31">
<kw name="Navigate To Feedback Form" library="ContactPage">
<kw name="Mouse Over" library="SeleniumLibrary">
<arg>${contact_menu}</arg>
<doc>Simulates hovering the mouse over the element ``locator``.</doc>
<msg timestamp="20230606 03:36:47.854" level="INFO">Simulating Mouse Over on element 'id:navTab05'.</msg>
<status status="PASS" starttime="20230606 03:36:47.853" endtime="20230606 03:36:48.152"/>
</kw>
<kw name="Click Element" library="SeleniumLibrary">
<arg>${feedback_form}</arg>
<doc>Click the element identified by ``locator``.</doc>
<msg timestamp="20230606 03:36:48.152" level="INFO">Clicking element 'link:Feedback Form'.</msg>
<status status="PASS" starttime="20230606 03:36:48.152" endtime="20230606 03:36:53.583"/>
</kw>
<status status="PASS" starttime="20230606 03:36:47.852" endtime="20230606 03:36:53.583"/>
</kw>
<status status="PASS" starttime="20230606 03:36:47.850" endtime="20230606 03:36:53.584"/>
</test>
<test id="s1-t7" name="Step 7: Populate Fields" line="34">
<kw name="Populate Feedback Form Required Fields" library="ContactPage">
<arg>&amp;{ContactPage}</arg>
<kw name="Input Text" library="SeleniumLibrary">
<arg>${full_name}</arg>
<arg>${ContactPage}[name]</arg>
<doc>Types the given ``text`` into the text field identified by ``locator``.</doc>
<msg timestamp="20230606 03:36:53.589" level="INFO">Typing text 'Rae Azcueta' into text field 'css:#ctl00_ContentPlaceHolder1_txtName'.</msg>
<status status="PASS" starttime="20230606 03:36:53.588" endtime="20230606 03:36:53.770"/>
</kw>
<kw name="Input Text" library="SeleniumLibrary">
<arg>${country}</arg>
<arg>${ContactPage}[countryName]</arg>
<doc>Types the given ``text`` into the text field identified by ``locator``.</doc>
<msg timestamp="20230606 03:36:53.771" level="INFO">Typing text 'Philippines' into text field 'css:#ctl00_ContentPlaceHolder1_txtCountry'.</msg>
<status status="PASS" starttime="20230606 03:36:53.770" endtime="20230606 03:36:53.934"/>
</kw>
<kw name="Input Text" library="SeleniumLibrary">
<arg>${email}</arg>
<arg>${ContactPage}[emailAddress]</arg>
<doc>Types the given ``text`` into the text field identified by ``locator``.</doc>
<msg timestamp="20230606 03:36:53.935" level="INFO">Typing text 'desiree_rae_azcueta@yahoo.com' into text field 'css:#ctl00_ContentPlaceHolder1_txtEmail'.</msg>
<status status="PASS" starttime="20230606 03:36:53.934" endtime="20230606 03:36:54.110"/>
</kw>
<status status="PASS" starttime="20230606 03:36:53.587" endtime="20230606 03:36:54.110"/>
</kw>
<status status="PASS" starttime="20230606 03:36:53.586" endtime="20230606 03:36:54.111"/>
</test>
<test id="s1-t8" name="Step 8: Add Attachment" line="37">
<kw name="Add Attachment" library="ContactPage">
<arg>${ContactPage}[attachedFile]</arg>
<kw name="Choose File" library="SeleniumLibrary">
<arg>${choose_file_btn}</arg>
<arg>C:\\Users\\Rae\\PycharmProjects\\ghd-robot-framework\\PageObjects/FilesToUpload/${attachedFile}</arg>
<doc>Inputs the ``file_path`` into the file input field ``locator``.</doc>
<msg timestamp="20230606 03:36:54.114" level="INFO">Sending C:\Users\Rae\PycharmProjects\ghd-robot-framework\PageObjects\FilesToUpload\DummySample.txt to browser.</msg>
<status status="PASS" starttime="20230606 03:36:54.113" endtime="20230606 03:36:54.163"/>
</kw>
<status status="PASS" starttime="20230606 03:36:54.113" endtime="20230606 03:36:54.163"/>
</kw>
<status status="PASS" starttime="20230606 03:36:54.113" endtime="20230606 03:36:54.164"/>
</test>
<test id="s1-t9" name="Step 9: Reload Captcha" line="40">
<kw name="Reload Captcha" library="ContactPage">
<kw name="Click Element" library="SeleniumLibrary">
<arg>${reload_captcha}</arg>
<doc>Click the element identified by ``locator``.</doc>
<msg timestamp="20230606 03:36:54.167" level="INFO">Clicking element 'css:#c_message_ctl00_contentplaceholder1_cap1_ReloadIcon'.</msg>
<status status="PASS" starttime="20230606 03:36:54.166" endtime="20230606 03:36:54.296"/>
</kw>
<kw name="Wait Until Element Is Visible" library="SeleniumLibrary">
<arg>${captcha_image}</arg>
<doc>Waits until the element ``locator`` is visible.</doc>
<status status="PASS" starttime="20230606 03:36:54.296" endtime="20230606 03:36:54.576"/>
</kw>
<status status="PASS" starttime="20230606 03:36:54.166" endtime="20230606 03:36:54.576"/>
</kw>
<status status="PASS" starttime="20230606 03:36:54.166" endtime="20230606 03:36:54.576"/>
</test>
<kw name="End Test Case" library="LoginPage" type="TEARDOWN">
<kw name="Close Browser" library="SeleniumLibrary">
<doc>Closes the current browser.</doc>
<status status="PASS" starttime="20230606 03:36:54.578" endtime="20230606 03:36:56.789"/>
</kw>
<status status="PASS" starttime="20230606 03:36:54.578" endtime="20230606 03:36:56.789"/>
</kw>
<doc>GHD Technical Assessment
Author: Rae Azcueta</doc>
<status status="PASS" starttime="20230606 03:36:31.549" endtime="20230606 03:36:56.789"/>
</suite>
<statistics>
<total>
<stat pass="9" fail="0" skip="0">All Tests</stat>
</total>
<tag>
</tag>
<suite>
<stat pass="9" fail="0" skip="0" id="s1" name="TC001">TC001</stat>
</suite>
</statistics>
<errors>
</errors>
</robot>
